This file contains any messages produced by compilers while
running configure, to aid debugging if configure makes a mistake.

It was created by examples configure 1.0, which was
generated by GNU Autoconf 2.59.  Invocation command line was

  $ ../../releases-1.6.2/examples/configure --prefix=/home/svigerske/nbBuildDir/CoinAll/releases-1.6.2-default -C CC=cl CXX=cl F77=ifort -arch:ia32 COIN_SKIP_PROJECTS=ThirdParty/FilterSQP ThirdParty/Glpk ThirdParty/HSL ThirdParty/Metis ThirdParty/SCIP ThirdParty/SoPlex --cache-file=../config.cache --srcdir=../../releases-1.6.2/examples

## --------- ##
## Platform. ##
## --------- ##

hostname = ip-0A6CEF54
uname -m = i686
uname -r = 1.0.11(0.46/3/2)
uname -s = MINGW32_NT-6.0
uname -v = 2010-03-14 22:57

/usr/bin/uname -p = unknown
/bin/uname -X     = unknown

/bin/arch              = unknown
/usr/bin/arch -k       = unknown
/usr/convex/getsysinfo = unknown
hostinfo               = unknown
/bin/machine           = unknown
/usr/bin/oslevel       = unknown
/bin/universe          = unknown

PATH: .
PATH: /local/bin
PATH: /mingw/bin
PATH: /bin
PATH: /Program Files (x86)/GAMS23.7
PATH: c
PATH: /Program Files (x86)/GAMS23.7/gbin
PATH: C
PATH: /Program Files (x86)/Intel/Compiler/11.1/048/mkl/ia32/bin
PATH: /Program Files (x86)/Intel/Compiler/11.1/048/Bin/ia32
PATH: /Program Files (x86)/Microsoft Visual Studio 9.0/Common7/IDE
PATH: /Program Files (x86)/Microsoft Visual Studio 9.0/VC/BIN
PATH: /Program Files (x86)/Microsoft Visual Studio 9.0/Common7/Tools
PATH: /Windows/Microsoft.NET/Framework/v3.5
PATH: /Windows/Microsoft.NET/Framework/v2.0.50727
PATH: /Program Files (x86)/Microsoft Visual Studio 9.0/VC/VCPackages
PATH: /Program Files/Microsoft SDKs/Windows/v6.0A/bin
PATH: /Program Files (x86)/Common Files/Intel/Shared Libraries/redist/intel64/mpirt
PATH: /Program Files (x86)/Common Files/Intel/Shared Libraries/redist/intel64/compiler
PATH: /Program Files (x86)/Common Files/Intel/Shared Libraries/redist/ia32/mpirt
PATH: /Program Files (x86)/Common Files/Intel/Shared Libraries/redist/ia32/compiler
PATH: /Program Files (x86)/Intel/Composer XE 2011 SP1/redist/ia32/tbb/vc9
PATH: /Program Files (x86)/Intel/Composer XE 2011 SP1/redist/intel64/tbb/vc9
PATH: /Program Files (x86)/Intel/Composer XE 2011 SP1/redist/intel64/ipp
PATH: /Program Files (x86)/Intel/Composer XE 2011 SP1/redist/ia32/ipp
PATH: /Program Files (x86)/Intel/Composer XE 2011 SP1/redist/intel64/mkl
PATH: /Program Files (x86)/Intel/Composer XE 2011 SP1/redist/ia32/mkl
PATH: /Program Files (x86)/Common Files/Intel/Shared Libraries/redist/intel64/compiler
PATH: /Program Files (x86)/Common Files/Intel/Shared Libraries/redist/ia32/compiler
PATH: /PROGRAM FILES (X86)/MIKTEX 2.8/MIKTEX/BIN
PATH: /PROGRAM FILES (X86)/COLLABNET/SUBVERSION CLIENT
PATH: /PROGRAM FILES (X86)/BORLAND/DELPHI7/BIN
PATH: /PROGRAM FILES (X86)/BORLAND/DELPHI7/PROJECTS/BPL/
PATH: /Windows/SYSTEM32
PATH: /Windows
PATH: /Windows/SYSTEM32/WBEM
PATH: /TOOLS
PATH: /PROGRAM FILES (X86)/INNO SETUP 5
PATH: /PROGRAM FILES (X86)/PUTTY
PATH: /PROGRAM FILES/TORTOISESVN/BIN
PATH: /PROGRAM FILES (X86)/NTP/BIN
PATH: /PROGRA~2/FARSTONE/VIRTUA~1/
PATH: /WINDOWS
PATH: /WINDOWS/SYSTEM32/WBEM
PATH: /WINDOWS/SYSTEM32
PATH: /PROGRAM FILES (X86)/FARSTONE/VIRTUALDRIVE/VDP
PATH: /PROGRA~2/FARSTONE/VIRTUA~1/DVDCRE~1
PATH: /Program Files/Java/jdk1.6.0_20/bin
PATH: /Windows/System32/WindowsPowerShell/v1.0/
PATH: /cygwin/bin
PATH: .


## ----------- ##
## Core tests. ##
## ----------- ##

configure:1514: loading cache ../config.cache
configure:1658: checking build system type
configure:1676: result: i686-pc-mingw32
configure:1724: checking whether we want to compile in debug mode
configure:1770: result: no
configure:2076: checking for C compiler version
configure:2079: cl --version </dev/null >&5
Microsoft (R) 32-bit C/C++ Optimizing Compiler Version 15.00.21022.08 for 80x86
Copyright (C) Microsoft Corporation.  All rights reserved.

cl : Command line warning D9002 : ignoring unknown option '--version'
cl : Command line error D8003 : missing source filename
configure:2082: $? = 2
configure:2084: cl -v </dev/null >&5
Microsoft (R) 32-bit C/C++ Optimizing Compiler Version 15.00.21022.08 for 80x86
Copyright (C) Microsoft Corporation.  All rights reserved.

cl : Command line warning D9002 : ignoring unknown option '-v'
cl : Command line error D8003 : missing source filename
configure:2087: $? = 2
configure:2089: cl -V </dev/null >&5
Microsoft (R) 32-bit C/C++ Optimizing Compiler Version 15.00.21022.08 for 80x86
Copyright (C) Microsoft Corporation.  All rights reserved.

cl : Command line error D8004 : '/V' requires an argument
configure:2092: $? = 2
configure:2115: checking for C compiler default output file name
configure:2118: cl    conftest.c  >&5
Microsoft (R) 32-bit C/C++ Optimizing Compiler Version 15.00.21022.08 for 80x86
Copyright (C) Microsoft Corporation.  All rights reserved.

conftest.c
Microsoft (R) Incremental Linker Version 9.00.21022.08
Copyright (C) Microsoft Corporation.  All rights reserved.

/out:conftest.exe 
conftest.obj 
configure:2121: $? = 0
configure:2167: result: conftest.exe
configure:2172: checking whether the C compiler works
configure:2178: ./conftest.exe
configure:2181: $? = 0
configure:2198: result: yes
configure:2205: checking whether we are cross compiling
configure:2207: result: no
configure:2210: checking for suffix of executables
configure:2212: cl -o conftest.exe    conftest.c  >&5
Microsoft (R) 32-bit C/C++ Optimizing Compiler Version 15.00.21022.08 for 80x86
Copyright (C) Microsoft Corporation.  All rights reserved.

cl : Command line warning D9035 : option 'o' has been deprecated and will be removed in a future release
conftest.c
Microsoft (R) Incremental Linker Version 9.00.21022.08
Copyright (C) Microsoft Corporation.  All rights reserved.

/out:conftest.exe 
/out:conftest.exe 
conftest.obj 
configure:2215: $? = 0
configure:2240: result: .exe
configure:2246: checking for suffix of object files
configure:2292: result: obj
configure:2296: checking whether we are using the GNU C compiler
configure:2352: result: no
configure:2358: checking whether cl accepts -g
configure:2409: result: no
configure:2426: checking for cl option to accept ANSI C
configure:2533: result: none needed
configure:2551: cl -c   conftest.c >&5
conftest.c
conftest.c(2) : error C2061: syntax error : identifier 'me'
conftest.c(2) : error C2059: syntax error : ';'
Microsoft (R) 32-bit C/C++ Optimizing Compiler Version 15.00.21022.08 for 80x86
Copyright (C) Microsoft Corporation.  All rights reserved.

configure:2557: $? = 2
configure: failed program was:
| #ifndef __cplusplus
|   choke me
| #endif
configure:3035: cl -o conftest.exe -MT -O2 -nologo -wd4996 -D_CRT_SECURE_NO_DEPRECATE -DNDEBUG      conftest.c  >&5
conftest.c
cl : Command line warning D9035 : option 'o' has been deprecated and will be removed in a future release
configure:3041: $? = 0
configure:3045: test -z 
			 || test ! -s conftest.err
configure:3048: $? = 0
configure:3051: test -s conftest.exe
configure:3054: $? = 0
configure:3121: C compiler options are: -MT -O2 -nologo -wd4996 -D_CRT_SECURE_NO_DEPRECATE -DNDEBUG   
configure:3291: checking for C++ compiler version
configure:3294: cl --version </dev/null >&5
Microsoft (R) 32-bit C/C++ Optimizing Compiler Version 15.00.21022.08 for 80x86
Copyright (C) Microsoft Corporation.  All rights reserved.

cl : Command line warning D9002 : ignoring unknown option '--version'
cl : Command line error D8003 : missing source filename
configure:3297: $? = 2
configure:3299: cl -v </dev/null >&5
Microsoft (R) 32-bit C/C++ Optimizing Compiler Version 15.00.21022.08 for 80x86
Copyright (C) Microsoft Corporation.  All rights reserved.

cl : Command line warning D9002 : ignoring unknown option '-v'
cl : Command line error D8003 : missing source filename
configure:3302: $? = 2
configure:3304: cl -V </dev/null >&5
Microsoft (R) 32-bit C/C++ Optimizing Compiler Version 15.00.21022.08 for 80x86
Copyright (C) Microsoft Corporation.  All rights reserved.

cl : Command line error D8004 : '/V' requires an argument
configure:3307: $? = 2
configure:3310: checking whether we are using the GNU C++ compiler
configure:3366: result: no
configure:3372: checking whether cl accepts -g
configure:3423: result: no
configure:3465: cl -c   conftest.cc >&5
conftest.cc
Microsoft (R) 32-bit C/C++ Optimizing Compiler Version 15.00.21022.08 for 80x86
Copyright (C) Microsoft Corporation.  All rights reserved.

configure:3471: $? = 0
configure:3475: test -z 
			 || test ! -s conftest.err
configure:3478: $? = 0
configure:3481: test -s conftest.obj
configure:3484: $? = 0
configure:3510: cl -c   conftest.cc >&5
conftest.cc
conftest.cc(15) : error C3861: 'exit': identifier not found
Microsoft (R) 32-bit C/C++ Optimizing Compiler Version 15.00.21022.08 for 80x86
Copyright (C) Microsoft Corporation.  All rights reserved.

configure:3516: $? = 2
configure: failed program was:
| /* confdefs.h.  */
| 
| #define PACKAGE_NAME "examples"
| #define PACKAGE_TARNAME "examples"
| #define PACKAGE_VERSION "1.0"
| #define PACKAGE_STRING "examples 1.0"
| #define PACKAGE_BUGREPORT ""
| #define COIN_EXAMPLES_VERBOSITY 0
| #define COIN_EXAMPLES_CHECKLEVEL 0
| /* end confdefs.h.  */
| 
| int
| main ()
| {
| exit (42);
|   ;
|   return 0;
| }
configure:3465: cl -c   conftest.cc >&5
conftest.cc
conftest.cc(11) : error C2653: 'std' : is not a class or namespace name
conftest.cc(11) : error C2653: 'std' : is not a class or namespace name
conftest.cc(11) : error C2873: 'exit' : symbol cannot be used in a using-declaration
c:\Program Files (x86)\Microsoft Visual Studio 9.0\VC\INCLUDE\stdlib.h(371) : error C2381: 'exit' : redefinition; __declspec(noreturn) differs
        conftest.cc(11) : see declaration of 'exit'
conftest.cc(16) : error C3861: 'exit': identifier not found
Microsoft (R) 32-bit C/C++ Optimizing Compiler Version 15.00.21022.08 for 80x86
Copyright (C) Microsoft Corporation.  All rights reserved.

configure:3471: $? = 2
configure: failed program was:
| /* confdefs.h.  */
| 
| #define PACKAGE_NAME "examples"
| #define PACKAGE_TARNAME "examples"
| #define PACKAGE_VERSION "1.0"
| #define PACKAGE_STRING "examples 1.0"
| #define PACKAGE_BUGREPORT ""
| #define COIN_EXAMPLES_VERBOSITY 0
| #define COIN_EXAMPLES_CHECKLEVEL 0
| /* end confdefs.h.  */
| extern "C" void std::exit (int) throw (); using std::exit;
| #include <stdlib.h>
| int
| main ()
| {
| exit (42);
|   ;
|   return 0;
| }
configure:3465: cl -c   conftest.cc >&5
conftest.cc
conftest.cc(11) : error C2653: 'std' : is not a class or namespace name
conftest.cc(11) : error C2653: 'std' : is not a class or namespace name
conftest.cc(11) : error C2873: 'exit' : symbol cannot be used in a using-declaration
c:\Program Files (x86)\Microsoft Visual Studio 9.0\VC\INCLUDE\stdlib.h(371) : error C2381: 'exit' : redefinition; __declspec(noreturn) differs
        conftest.cc(11) : see declaration of 'exit'
conftest.cc(16) : error C3861: 'exit': identifier not found
Microsoft (R) 32-bit C/C++ Optimizing Compiler Version 15.00.21022.08 for 80x86
Copyright (C) Microsoft Corporation.  All rights reserved.

configure:3471: $? = 2
configure: failed program was:
| /* confdefs.h.  */
| 
| #define PACKAGE_NAME "examples"
| #define PACKAGE_TARNAME "examples"
| #define PACKAGE_VERSION "1.0"
| #define PACKAGE_STRING "examples 1.0"
| #define PACKAGE_BUGREPORT ""
| #define COIN_EXAMPLES_VERBOSITY 0
| #define COIN_EXAMPLES_CHECKLEVEL 0
| /* end confdefs.h.  */
| extern "C" void std::exit (int); using std::exit;
| #include <stdlib.h>
| int
| main ()
| {
| exit (42);
|   ;
|   return 0;
| }
configure:3465: cl -c   conftest.cc >&5
conftest.cc
c:\Program Files (x86)\Microsoft Visual Studio 9.0\VC\INCLUDE\stdlib.h(371) : error C2381: 'exit' : redefinition; __declspec(noreturn) differs
        conftest.cc(11) : see declaration of 'exit'
conftest.cc(16) : error C3861: 'exit': identifier not found
Microsoft (R) 32-bit C/C++ Optimizing Compiler Version 15.00.21022.08 for 80x86
Copyright (C) Microsoft Corporation.  All rights reserved.

configure:3471: $? = 2
configure: failed program was:
| /* confdefs.h.  */
| 
| #define PACKAGE_NAME "examples"
| #define PACKAGE_TARNAME "examples"
| #define PACKAGE_VERSION "1.0"
| #define PACKAGE_STRING "examples 1.0"
| #define PACKAGE_BUGREPORT ""
| #define COIN_EXAMPLES_VERBOSITY 0
| #define COIN_EXAMPLES_CHECKLEVEL 0
| /* end confdefs.h.  */
| extern "C" void exit (int) throw ();
| #include <stdlib.h>
| int
| main ()
| {
| exit (42);
|   ;
|   return 0;
| }
configure:3465: cl -c   conftest.cc >&5
conftest.cc
c:\Program Files (x86)\Microsoft Visual Studio 9.0\VC\INCLUDE\stdlib.h(371) : error C2381: 'exit' : redefinition; __declspec(noreturn) differs
        conftest.cc(11) : see declaration of 'exit'
conftest.cc(16) : error C3861: 'exit': identifier not found
Microsoft (R) 32-bit C/C++ Optimizing Compiler Version 15.00.21022.08 for 80x86
Copyright (C) Microsoft Corporation.  All rights reserved.

configure:3471: $? = 2
configure: failed program was:
| /* confdefs.h.  */
| 
| #define PACKAGE_NAME "examples"
| #define PACKAGE_TARNAME "examples"
| #define PACKAGE_VERSION "1.0"
| #define PACKAGE_STRING "examples 1.0"
| #define PACKAGE_BUGREPORT ""
| #define COIN_EXAMPLES_VERBOSITY 0
| #define COIN_EXAMPLES_CHECKLEVEL 0
| /* end confdefs.h.  */
| extern "C" void exit (int);
| #include <stdlib.h>
| int
| main ()
| {
| exit (42);
|   ;
|   return 0;
| }
configure:3465: cl -c   conftest.cc >&5
conftest.cc
c:\Program Files (x86)\Microsoft Visual Studio 9.0\VC\INCLUDE\stdlib.h(371) : error C2381: 'exit' : redefinition; __declspec(noreturn) differs
        conftest.cc(11) : see declaration of 'exit'
conftest.cc(16) : error C3861: 'exit': identifier not found
Microsoft (R) 32-bit C/C++ Optimizing Compiler Version 15.00.21022.08 for 80x86
Copyright (C) Microsoft Corporation.  All rights reserved.

configure:3471: $? = 2
configure: failed program was:
| /* confdefs.h.  */
| 
| #define PACKAGE_NAME "examples"
| #define PACKAGE_TARNAME "examples"
| #define PACKAGE_VERSION "1.0"
| #define PACKAGE_STRING "examples 1.0"
| #define PACKAGE_BUGREPORT ""
| #define COIN_EXAMPLES_VERBOSITY 0
| #define COIN_EXAMPLES_CHECKLEVEL 0
| /* end confdefs.h.  */
| void exit (int);
| #include <stdlib.h>
| int
| main ()
| {
| exit (42);
|   ;
|   return 0;
| }
configure:3561: checking whether C++ compiler cl works
configure:3579: cl -c   conftest.cc >&5
conftest.cc
Microsoft (R) 32-bit C/C++ Optimizing Compiler Version 15.00.21022.08 for 80x86
Copyright (C) Microsoft Corporation.  All rights reserved.

configure:3585: $? = 0
configure:3589: test -z 
			 || test ! -s conftest.err
configure:3592: $? = 0
configure:3595: test -s conftest.obj
configure:3598: $? = 0
configure:3600: result: yes
configure:3979: cl -o conftest.exe -MT -O2 -nologo -EHsc -GR -wd4996 -D_CRT_SECURE_NO_DEPRECATE -DNDEBUG      conftest.cc  >&5
conftest.cc
cl : Command line warning D9035 : option 'o' has been deprecated and will be removed in a future release
configure:3985: $? = 0
configure:3989: test -z 
			 || test ! -s conftest.err
configure:3992: $? = 0
configure:3995: test -s conftest.exe
configure:3998: $? = 0
configure:4065: C++ compiler options are: -MT -O2 -nologo -EHsc -GR -wd4996 -D_CRT_SECURE_NO_DEPRECATE -DNDEBUG   
configure:4123: Trying to determine Fortran compiler name
configure:4245: Trying to determine Fortran compiler name
configure:4428: checking for Fortran 77 compiler version
configure:4431: ifort -arch:ia32 --version </dev/null >&5
Intel(R) Visual Fortran Compiler Professional for applications running on IA-32, Version 11.1    Build 20090930 Package ID: w_cprof_p_11.1.048
Copyright (C) 1985-2009 Intel Corporation.  All rights reserved.
ifort: command line warning #10006: ignoring unknown option '/-version'

ifort: command line error: no files specified; for help type "ifort /help"
configure:4434: $? = 1
configure:4436: ifort -arch:ia32 -v </dev/null >&5
Intel(R) Visual Fortran Compiler Professional for applications running on IA-32, Version 11.1    Build 20090930 Package ID: w_cprof_p_11.1.048
Copyright (C) 1985-2009 Intel Corporation.  All rights reserved.
ifort: command line warning #10006: ignoring unknown option '/v'

ifort: command line error: no files specified; for help type "ifort /help"
configure:4439: $? = 1
configure:4441: ifort -arch:ia32 -V </dev/null >&5
Intel(R) Visual Fortran Compiler Professional for applications running on IA-32, Version 11.1    Build 20090930 Package ID: w_cprof_p_11.1.048
Copyright (C) 1985-2009 Intel Corporation.  All rights reserved.
ifort: command line warning #10155: ignoring option '/V'; argument required

ifort: command line error: no files specified; for help type "ifort /help"
configure:4444: $? = 1
configure:4452: checking whether we are using the GNU Fortran 77 compiler
configure:4498: result: no
configure:4504: checking whether ifort -arch:ia32 accepts -g
configure:4547: result: no
configure:4829: ifort -arch:ia32 -o conftest.exe -MT -O3 -fpp -nologo    conftest.f  >&5
configure:4835: $? = 0
configure:4839: test -z 
			 || test ! -s conftest.err
configure:4842: $? = 0
configure:4845: test -s conftest.exe
configure:4848: $? = 0
configure:4906: Fortran compiler options are: -MT -O3 -fpp -nologo  
configure:4950: checking how to get verbose linking output from ifort -arch:ia32
configure:5052: result: 
configure:5054: checking for Fortran libraries of ifort -arch:ia32
configure:5236: result: 
configure:5311: checking for dummy main to link with Fortran libraries
configure:5447: result: none
configure:5483: checking for Fortran name-mangling scheme
configure:5719: result: upper case, no underscore, no extra underscore
configure:5907: checking for egrep
configure:5917: result: grep -E
configure:5922: checking whether ln -s works
configure:5926: result: yes
configure:5947: checking for a BSD-compatible install
configure:6002: result: /bin/install -c
configure:6013: checking whether build environment is sane
configure:6056: result: yes
configure:6121: checking for gawk
configure:6147: result: gawk
configure:6157: checking whether make sets $(MAKE)
configure:6177: result: yes
configure:6207: checking for style of include used by make
configure:6235: result: GNU
configure:6416: checking dependency style of cl
configure:6506: result: none
configure:6525: checking dependency style of cl
configure:6615: result: none
configure:6633: checking whether to enable maintainer-specific portions of Makefiles
configure:6642: result: no
configure:22018: Using libtool script in directory ..
configure:22069: checking if library version is set
configure:22076: result: no
configure:22091: checking whether byte ordering is bigendian
configure:22326: result: no
configure:22366: checking for int
configure:22428: result: yes
configure:22431: checking size of int
configure:22829: result: 4
configure:22836: checking for double
configure:22898: result: yes
configure:22901: checking size of double
configure:23299: result: 8
configure:23306: checking for long
configure:23368: result: yes
configure:23371: checking size of long
configure:23769: result: 4
configure:23903: checking whether this is a VPATH configuration
configure:23910: result: yes
configure:24892: checking which command should be used to link input files
configure:24902: result: cp
configure:25139: creating ./config.status

## ---------------------- ##
## Running config.status. ##
## ---------------------- ##

This file was extended by examples config.status 1.0, which was
generated by GNU Autoconf 2.59.  Invocation command line was

  CONFIG_FILES    = 
  CONFIG_HEADERS  = 
  CONFIG_LINKS    = 
  CONFIG_COMMANDS = 
  $ ./config.status 

on ip-0A6CEF54

config.status:765: creating Makefile
config.status:765: creating Makefile.Examples
config.status:765: creating osDip/Makefile
config.status:765: creating osDip/osdip.parm
config.status:765: creating algorithmicDiff/Makefile
config.status:765: creating instanceGenerator/Makefile
config.status:765: creating cglCuts/Makefile
config.status:765: creating osModificationDemo/Makefile
config.status:765: creating osRemoteTest/Makefile
config.status:765: creating osSolverDemo/Makefile
config.status:765: creating osResultDemo/Makefile
config.status:765: creating template/Makefile
config.status:765: creating branchCutPrice/Makefile
config.status:941: executing depfiles commands
configure:26260: Copying data files for VPATH configuration
configure:26311: In case of trouble, first consult the troubleshooting page at https://projects.coin-or.org/BuildTools/wiki/user-troubleshooting
configure:26314: Configuration of examples successful

## ---------------- ##
## Cache variables. ##
## ---------------- ##

ac_cv_build=i686-pc-mingw32
ac_cv_build_alias=i686-pc-mingw32
ac_cv_c_bigendian=no
ac_cv_c_compiler_gnu=no
ac_cv_c_inline=__inline
ac_cv_cxx_compiler_gnu=no
ac_cv_env_ADD_CFLAGS_set=
ac_cv_env_ADD_CFLAGS_value=
ac_cv_env_ADD_CXXFLAGS_set=
ac_cv_env_ADD_CXXFLAGS_value=
ac_cv_env_ADD_FFLAGS_set=
ac_cv_env_ADD_FFLAGS_value=
ac_cv_env_ADOLC_DIR_set=
ac_cv_env_ADOLC_DIR_value=
ac_cv_env_ASLMAKEFLAGS_set=
ac_cv_env_ASLMAKEFLAGS_value=
ac_cv_env_BOOST_DIR_set=
ac_cv_env_BOOST_DIR_value=
ac_cv_env_CCC_set=
ac_cv_env_CCC_value=
ac_cv_env_CC_set=set
ac_cv_env_CC_value=cl
ac_cv_env_CDEFS_set=
ac_cv_env_CDEFS_value=
ac_cv_env_CFLAGS_set=
ac_cv_env_CFLAGS_value=
ac_cv_env_COIN_SKIP_PROJECTS_set=set
ac_cv_env_COIN_SKIP_PROJECTS_value='ThirdParty/FilterSQP ThirdParty/Glpk ThirdParty/HSL ThirdParty/Metis ThirdParty/SCIP ThirdParty/SoPlex'
ac_cv_env_CPPFLAGS_set=
ac_cv_env_CPPFLAGS_value=
ac_cv_env_CPP_set=
ac_cv_env_CPP_value=
ac_cv_env_CXXAR_set=
ac_cv_env_CXXAR_value=
ac_cv_env_CXXCPP_set=
ac_cv_env_CXXCPP_value=
ac_cv_env_CXXDEFS_set=
ac_cv_env_CXXDEFS_value=
ac_cv_env_CXXFLAGS_set=
ac_cv_env_CXXFLAGS_value=
ac_cv_env_CXXLIBS_set=
ac_cv_env_CXXLIBS_value=
ac_cv_env_CXX_FLAGS_set=
ac_cv_env_CXX_FLAGS_value=
ac_cv_env_CXX_set=set
ac_cv_env_CXX_value=cl
ac_cv_env_DBG_CFLAGS_set=
ac_cv_env_DBG_CFLAGS_value=
ac_cv_env_DBG_CXXFLAGS_set=
ac_cv_env_DBG_CXXFLAGS_value=
ac_cv_env_DBG_FFLAGS_set=
ac_cv_env_DBG_FFLAGS_value=
ac_cv_env_DLAMCH_FFLAGS_set=
ac_cv_env_DLAMCH_FFLAGS_value=
ac_cv_env_DYLP_ERRMSGDIR_set=
ac_cv_env_DYLP_ERRMSGDIR_value=
ac_cv_env_F77_set=set
ac_cv_env_F77_value='ifort -arch:ia32'
ac_cv_env_FADBAD_DIR_set=
ac_cv_env_FADBAD_DIR_value=
ac_cv_env_FCFLAGS_set=
ac_cv_env_FCFLAGS_value=
ac_cv_env_FC_set=
ac_cv_env_FC_value=
ac_cv_env_FFLAGS_set=
ac_cv_env_FFLAGS_value=
ac_cv_env_IPOPT_DIR_set=
ac_cv_env_IPOPT_DIR_value=
ac_cv_env_LDFLAGS_set=
ac_cv_env_LDFLAGS_value=
ac_cv_env_LIBS_set=
ac_cv_env_LIBS_value=
ac_cv_env_MPICC_set=
ac_cv_env_MPICC_value=
ac_cv_env_MPICXX_set=
ac_cv_env_MPICXX_value=
ac_cv_env_MPIF77_set=
ac_cv_env_MPIF77_value=
ac_cv_env_OPT_CFLAGS_set=
ac_cv_env_OPT_CFLAGS_value=
ac_cv_env_OPT_CXXFLAGS_set=
ac_cv_env_OPT_CXXFLAGS_value=
ac_cv_env_OPT_FFLAGS_set=
ac_cv_env_OPT_FFLAGS_value=
ac_cv_env_PKG_CONFIG_set=
ac_cv_env_PKG_CONFIG_value=
ac_cv_env_POSTFIX_DIR_set=
ac_cv_env_POSTFIX_DIR_value=
ac_cv_env_SACADO_DIR_set=
ac_cv_env_SACADO_DIR_value=
ac_cv_env_build_alias_set=
ac_cv_env_build_alias_value=
ac_cv_env_host_alias_set=
ac_cv_env_host_alias_value=
ac_cv_env_target_alias_set=
ac_cv_env_target_alias_value=
ac_cv_exeext=.exe
ac_cv_f77_compiler_gnu=no
ac_cv_f77_dummy_main=none
ac_cv_f77_libs=
ac_cv_f77_mangling='upper case, no underscore, no extra underscore'
ac_cv_fc_compiler_gnu=no
ac_cv_fc_libs=
ac_cv_fortran_dummy_main=none
ac_cv_func__finite=yes
ac_cv_func__isnan=yes
ac_cv_func__snprintf=yes
ac_cv_func_finite=no
ac_cv_func_gethostname=no
ac_cv_func_getpid=yes
ac_cv_func_gettimeofday=no
ac_cv_func_isnan=no
ac_cv_func_mallinfo=no
ac_cv_func_quiet_nan=no
ac_cv_func_snprintf=no
ac_cv_func_vsnprintf=yes
ac_cv_have_decl__finite=yes
ac_cv_have_decl__isnan=yes
ac_cv_have_decl_drand48=no
ac_cv_have_decl_finite=no
ac_cv_have_decl_isfinite=no
ac_cv_have_decl_isnan=no
ac_cv_have_decl_rand=yes
ac_cv_have_decl_srand=yes
ac_cv_have_decl_std__isnan_42_42_=no
ac_cv_have_decl_va_copy=no
ac_cv_header_bzlib_h=no
ac_cv_header_cassert=yes
ac_cv_header_cctype=yes
ac_cv_header_cfloat=yes
ac_cv_header_cieeefp=no
ac_cv_header_cinttypes=no
ac_cv_header_cmath=yes
ac_cv_header_cstdarg=yes
ac_cv_header_cstddef=yes
ac_cv_header_cstdint=no
ac_cv_header_cstdio=yes
ac_cv_header_cstdlib=yes
ac_cv_header_cstring=yes
ac_cv_header_ctime=yes
ac_cv_header_dlfcn_h=no
ac_cv_header_endian_h=no
ac_cv_header_float_h=yes
ac_cv_header_ieeefp_h=no
ac_cv_header_inttypes_h=no
ac_cv_header_math_h=yes
ac_cv_header_memory_h=yes
ac_cv_header_process_h=yes
ac_cv_header_pthread_h=no
ac_cv_header_stdc=yes
ac_cv_header_stdint_h=no
ac_cv_header_stdlib_h=yes
ac_cv_header_string_h=yes
ac_cv_header_strings_h=no
ac_cv_header_sunmath_h=no
ac_cv_header_sys_resource_h=no
ac_cv_header_sys_socket_h=no
ac_cv_header_sys_stat_h=yes
ac_cv_header_sys_sysinfo_h=no
ac_cv_header_sys_types_h=yes
ac_cv_header_unistd_h=no
ac_cv_header_windows_h=yes
ac_cv_header_winsock_h=yes
ac_cv_header_zlib_h=no
ac_cv_host=i686-pc-mingw32
ac_cv_host_alias=i686-pc-mingw32
ac_cv_lib_blas_ddot=no
ac_cv_lib_dl_dlopen=no
ac_cv_lib_lapack_dgesv=no
ac_cv_lib_pthread_pthread_create=no
ac_cv_objext=obj
ac_cv_path_install='/bin/install -c'
ac_cv_path_mkdir=/bin/mkdir
ac_cv_prog_AWK=gawk
ac_cv_prog_CPP='cl -E'
ac_cv_prog_CXXCPP='cl -E'
ac_cv_prog_ac_ct_AR=false
ac_cv_prog_ac_ct_CC=cl
ac_cv_prog_ac_ct_FC=ifort
ac_cv_prog_ac_ct_RANLIB=:
ac_cv_prog_ac_ct_STRIP=:
ac_cv_prog_cc_c89=
ac_cv_prog_cc_g=no
ac_cv_prog_cc_stdc=
ac_cv_prog_coin_doxy_usedot=NO
ac_cv_prog_coin_have_doxygen=no
ac_cv_prog_cxx_g=no
ac_cv_prog_egrep='grep -E'
ac_cv_prog_f77_g=no
ac_cv_prog_f77_v=
ac_cv_prog_fc_g=no
ac_cv_prog_fc_v=
ac_cv_prog_have_ar=no
ac_cv_prog_have_pkg_config=no
ac_cv_prog_have_svnversion=yes
ac_cv_prog_make_make_set=yes
ac_cv_sizeof_c_bool=1
ac_cv_sizeof_cpp_bool=1
ac_cv_sizeof_double=8
ac_cv_sizeof_int=4
ac_cv_sizeof_int_p=4
ac_cv_sizeof_long=4
ac_cv_sizeof_long_long=8
ac_cv_type_double=yes
ac_cv_type_int=yes
ac_cv_type_int64_t=no
ac_cv_type_int_p=yes
ac_cv_type_intptr_t=no
ac_cv_type_long=yes
ac_cv_type_long_long=yes
am_cv_CC_dependencies_compiler_type=none
am_cv_CXX_dependencies_compiler_type=none
lt_cv_deplibs_check_method='file_magic file format pei*-i386(.*architecture: i386)?'
lt_cv_file_magic_cmd='$OBJDUMP -f'
lt_cv_file_magic_test_file=
lt_cv_ld_reload_flag=-r
lt_cv_objdir=.libs
lt_cv_path_LD=link
lt_cv_path_LDCXX=
lt_cv_path_NM=nm
lt_cv_path_SED=/bin/sed
lt_cv_prog_compiler_c_o=no
lt_cv_prog_compiler_c_o_CXX=no
lt_cv_prog_compiler_c_o_F77=no
lt_cv_prog_gnu_ld=no
lt_cv_prog_gnu_ldcxx=
lt_cv_sys_global_symbol_pipe=
lt_cv_sys_global_symbol_to_c_name_address='sed -n -e '\''s/^: \([^ ]*\) $/  {\"\1\", (lt_ptr) 0},/p'\'' -e '\''s/^[BCDEGRST] \([^ ]*\) \([^ ]*\)$/  {"\2", (lt_ptr) \&\2},/p'\'''
lt_cv_sys_global_symbol_to_cdecl=
lt_cv_sys_max_cmd_len=8192
lt_lt_cv_prog_compiler_c_o='"no"'
lt_lt_cv_prog_compiler_c_o_CXX='"no"'
lt_lt_cv_prog_compiler_c_o_F77='"no"'
lt_lt_cv_sys_global_symbol_pipe='""'
lt_lt_cv_sys_global_symbol_to_c_name_address='"sed -n -e '\''s/^: \\([^ ]*\\) \$/  {\\\"\\1\\\", (lt_ptr) 0},/p'\'' -e '\''s/^[BCDEGRST] \\([^ ]*\\) \\([^ ]*\\)\$/  {\"\\2\", (lt_ptr) \\&\\2},/p'\''"'
lt_lt_cv_sys_global_symbol_to_cdecl='""'

## ----------------- ##
## Output variables. ##
## ----------------- ##

ABSBUILDDIR='/home/svigerske/nbBuildDir/CoinAll/releases-1.6.2-default/examples'
ACLOCAL='${SHELL} /home/svigerske/nbBuildDir/CoinAll/releases-1.6.2/missing --run aclocal-1.9'
ADD_CFLAGS=''
ADD_CXXFLAGS=''
ADD_FFLAGS=''
ALWAYS_FALSE_FALSE=''
ALWAYS_FALSE_TRUE='#'
AMDEPBACKSLASH='\'
AMDEP_FALSE='#'
AMDEP_TRUE=''
AMTAR='${SHELL} /home/svigerske/nbBuildDir/CoinAll/releases-1.6.2/missing --run tar'
AR='false'
AUTOCONF='${SHELL} /home/svigerske/nbBuildDir/CoinAll/releases-1.6.2/missing --run autoconf'
AUTOHEADER='${SHELL} /home/svigerske/nbBuildDir/CoinAll/releases-1.6.2/missing --run autoheader'
AUTOMAKE='${SHELL} /home/svigerske/nbBuildDir/CoinAll/releases-1.6.2/missing --run automake-1.9'
AUX_DIR=''
AWK='gawk'
BUILDTOOLSDIR=''
CC='cl'
CCDEPMODE='depmode=none'
CDEFS=''
CFLAGS='-MT -O2 -nologo -wd4996 -D_CRT_SECURE_NO_DEPRECATE -DNDEBUG   '
COIN_CC_IS_CL_FALSE='#'
COIN_CC_IS_CL_TRUE=''
COIN_CXX_IS_CL_FALSE='#'
COIN_CXX_IS_CL_TRUE=''
CPP='cl -E'
CPPFLAGS=''
CXX='cl'
CXXCPP='cl -E'
CXXDEFS=''
CXXDEPMODE='depmode=none'
CXXFLAGS='-MT -O2 -nologo -EHsc -GR -wd4996 -D_CRT_SECURE_NO_DEPRECATE -DNDEBUG   '
CYGPATH_W='cygpath -w'
DBG_CFLAGS='-MTd -nologo -wd4996 -D_CRT_SECURE_NO_DEPRECATE   '
DBG_CXXFLAGS='-MTd -nologo -EHsc -GR -wd4996 -D_CRT_SECURE_NO_DEPRECATE   '
DBG_FFLAGS='-MTd -debug -fpp -nologo  '
DEFS='-DPACKAGE_NAME=\"examples\" -DPACKAGE_TARNAME=\"examples\" -DPACKAGE_VERSION=\"1.0\" -DPACKAGE_STRING=\"examples\ 1.0\" -DPACKAGE_BUGREPORT=\"\" -DCOIN_EXAMPLES_VERBOSITY=0 -DCOIN_EXAMPLES_CHECKLEVEL=0 -DF77_FUNC\(name,NAME\)=NAME -DF77_FUNC_\(name,NAME\)=NAME -DPACKAGE=\"examples\" -DVERSION=\"1.0\" -DSTDC_HEADERS=1 -DHAVE_SYS_TYPES_H=1 -DHAVE_SYS_STAT_H=1 -DHAVE_STDLIB_H=1 -DHAVE_STRING_H=1 -DHAVE_MEMORY_H=1 -DSIZEOF_INT=4 -DSIZEOF_DOUBLE=8 -DSIZEOF_LONG=4 -DWIN_=1 -DEXAMPLESROOT_DIR=\"/home/svigerske/nbBuildDir/CoinAll/releases-1.6.2-default/examples\" '
DEPDIR='.deps'
ECHO='echo'
ECHO_C=''
ECHO_N='-n'
ECHO_T=''
EGREP='grep -E'
EXAMPLESROOT_DIR='/home/svigerske/nbBuildDir/CoinAll/releases-1.6.2-default/examples'
EXEEXT='.exe'
F77='ifort -arch:ia32'
FFLAGS='-MT -O3 -fpp -nologo  '
FLIBS=''
HAVE_EXTERNALS_FALSE=''
HAVE_EXTERNALS_TRUE='#'
INSTALL_DATA='${INSTALL} -m 644'
INSTALL_PROGRAM='${INSTALL}'
INSTALL_SCRIPT='${INSTALL}'
INSTALL_STRIP_PROGRAM='${SHELL} $(install_sh) -c -s'
LDFLAGS=''
LIBEXT='lib'
LIBOBJS=''
LIBS=''
LIBTOOL='$(SHELL) $(top_builddir)/../libtool'
LIBTOOLM4=''
LN_S='ln'
LTLIBOBJS=''
LT_LDFLAGS=''
MAINT='#'
MAINTAINER_MODE_FALSE=''
MAINTAINER_MODE_TRUE='#'
MAKEINFO='${SHELL} /home/svigerske/nbBuildDir/CoinAll/releases-1.6.2/missing --run makeinfo'
MPICC=''
MPICXX=''
MPIF77=''
MSCL__FALSE='#'
MSCL__TRUE=''
OBJEXT='obj'
OPT_CFLAGS='-MT -O2 -nologo -wd4996 -D_CRT_SECURE_NO_DEPRECATE -DNDEBUG   '
OPT_CXXFLAGS='-MT -O2 -nologo -EHsc -GR -wd4996 -D_CRT_SECURE_NO_DEPRECATE -DNDEBUG   '
OPT_FFLAGS='-MT -O3 -fpp -nologo  '
PACKAGE='examples'
PACKAGE_BUGREPORT=''
PACKAGE_NAME='examples'
PACKAGE_STRING='examples 1.0'
PACKAGE_TARNAME='examples'
PACKAGE_VERSION='1.0'
PATH_SEPARATOR=':'
RANLIB=':'
RPATH_FLAGS=''
SET_MAKE=''
SHELL='/bin/sh'
STRIP=':'
VERSION='1.0'
VPATH_DISTCLEANFILES=' osSolverDemo/OSSolverDemo.cpp cglCuts/OSCglCuts.cpp cglCuts/OSCglCuts.cpp algorithmicDiff/OSAlgorithmicDiffTest.cpp instanceGenerator/OSInstanceGenerator.cpp osModificationDemo/OSModificationDemo.cpp instanceGenerator/OSInstanceGenerator.cpp osRemoteTest/OSRemoteTest.cpp osResultDemo/OSResultDemo.cpp template/template.cpp osDip/OSDip_Main.cpp osDip/OSDipApp.cpp osDip/OSDipApp.h osDip/OSDipBlockSolver.cpp osDip/OSDipBlockSolver.h osDip/OSDipFactoryInitializer.h osDip/OSDipBlockSolverFactory.h osDip/OSDipBlockSolverFactory.cpp osDip/OSDipInterface.cpp osDip/OSDipInterface.h osDip/OSDipParam.h osDip/solvers/OSDipBlockCoinSolver.cpp osDip/solvers/OSDipBlockCoinSolver.h osDip/solvers/OSDipBlockSlpSolver.cpp osDip/solvers/OSDipBlockSlpSolver.h osDip/solvers/OSDipBlockBearcatSolver.cpp osDip/solvers/OSDipBlockBearcatSolver.h data/CoinOS.opt data/CppADTestLag.osil data/bonminEx1.nl data/eastborne.gms data/eastborne.mod data/eastborne.nl data/eastborne.osil data/knock.ospl data/nonconvex.osil data/p0033.osil data/parinc.mps data/parincLinear.osil data/parincQuadratic.osil data/rosenbrockmod.osil data/sendWithJobID.osol data/wayneQuadratic.osil data/spl1.osil data/spl2.osil data/spl3.osil data/genAssign.osil data/smallIPBook.osil data/spl1.osol data/spl1-b.osol data/spl2.osol data/spl3.osol data/spl2-b.osol data/genAssign.osol data/smallIPBook.osol Excel/OSWebServiceGUI.xlsm Excel/clsws_OSSolverServiceServic.cls Excel/parIncVBA.xlsm Excel/clsOSInstance.cls AUTHORS README MSVisualStudio-v9/algorithmicDiff/algorithmicDiff.vcproj MSVisualStudio-v9/algorithmicDiff/algorithmicDiff.vcproj.user MSVisualStudio-v9/branchCutPrice/branchCutPrice.vcproj MSVisualStudio-v9/branchCutPrice/branchCutPrice.vcproj.user MSVisualStudio-v9/cglCuts/cglCuts.vcproj MSVisualStudio-v9/cglCuts/cglCuts.vcproj.user MSVisualStudio-v9/instanceGenerator/instanceGenerator.vcproj MSVisualStudio-v9/instanceGenerator/instanceGenerator.vcproj.user MSVisualStudio-v9/osDip/osDip.vcproj MSVisualStudio-v9/osDip/osDip.vcproj.user MSVisualStudio-v9/osModificationDemo/osModificationDemo.vcproj MSVisualStudio-v9/osModificationDemo/osModificationDemo.vcproj.user MSVisualStudio-v9/osRemoteTest/osRemoteTest.vcproj MSVisualStudio-v9/osRemoteTest/osRemoteTest.vcproj.user MSVisualStudio-v9/osResultDemo/osResultDemo.vcproj MSVisualStudio-v9/osResultDemo/osResultDemo.vcproj.user MSVisualStudio-v9/osSolverDemo/osSolverDemo.vcproj MSVisualStudio-v9/osSolverDemo/osSolverDemo.vcproj.user MSVisualStudio-v9/template/template.vcproj MSVisualStudio-v9/template/template.vcproj.user MSVisualStudio-v9/VISUALSTUDIOREADME.txt MSVisualStudio-v9/osExamples.sln'
abs_bin_dir='/home/svigerske/nbBuildDir/CoinAll/releases-1.6.2-default/bin'
abs_include_dir='/home/svigerske/nbBuildDir/CoinAll/releases-1.6.2-default/include'
abs_lib_dir='/home/svigerske/nbBuildDir/CoinAll/releases-1.6.2-default/lib'
abs_source_dir='/home/svigerske/nbBuildDir/CoinAll/releases-1.6.2/examples'
ac_c_preproc_warn_flag=''
ac_ct_AR='false'
ac_ct_CC=''
ac_ct_CXX=''
ac_ct_F77=''
ac_ct_RANLIB=':'
ac_ct_STRIP=':'
ac_cxx_preproc_warn_flag=''
am__fastdepCC_FALSE=''
am__fastdepCC_TRUE='#'
am__fastdepCXX_FALSE=''
am__fastdepCXX_TRUE='#'
am__include='include'
am__leading_dot='.'
am__quote=''
am__tar='${AMTAR} chof - "$$tardir"'
am__untar='${AMTAR} xf -'
bindir='${exec_prefix}/bin'
build='i686-pc-mingw32'
build_alias=''
build_cpu='i686'
build_os='mingw32'
build_vendor='pc'
datadir='${prefix}/share'
exec_prefix='${prefix}'
have_autoconf=''
have_automake=''
have_svn=''
host='i686-pc-mingw32'
host_alias=''
host_cpu='i686'
host_os='mingw32'
host_vendor='pc'
includedir='${prefix}/include'
infodir='${prefix}/info'
install_sh='/home/svigerske/nbBuildDir/CoinAll/releases-1.6.2/install-sh'
libdir='${exec_prefix}/lib'
libexecdir='${exec_prefix}/libexec'
localstatedir='${prefix}/var'
mandir='${prefix}/man'
mkdir_p='mkdir -p --'
oldincludedir='/usr/include'
prefix='/home/svigerske/nbBuildDir/CoinAll/releases-1.6.2-default'
program_transform_name='s,x,x,'
sbindir='${exec_prefix}/sbin'
sharedstatedir='${prefix}/com'
sol_cc_compiler=''
sysconfdir='${prefix}/etc'
target_alias=''

## ----------- ##
## confdefs.h. ##
## ----------- ##

#define COIN_EXAMPLES_CHECKLEVEL 0
#define COIN_EXAMPLES_VERBOSITY 0
#define EXAMPLESROOT_DIR "/home/svigerske/nbBuildDir/CoinAll/releases-1.6.2-default/examples"
#define F77_FUNC(name,NAME) NAME
#define F77_FUNC_(name,NAME) NAME
#define HAVE_MEMORY_H 1
#define HAVE_STDLIB_H 1
#define HAVE_STRING_H 1
#define HAVE_SYS_STAT_H 1
#define HAVE_SYS_TYPES_H 1
#define PACKAGE "examples"
#define PACKAGE_BUGREPORT ""
#define PACKAGE_NAME "examples"
#define PACKAGE_STRING "examples 1.0"
#define PACKAGE_TARNAME "examples"
#define PACKAGE_VERSION "1.0"
#define SIZEOF_DOUBLE 8
#define SIZEOF_INT 4
#define SIZEOF_LONG 4
#define STDC_HEADERS 1
#define VERSION "1.0"
#define WIN_ 1
#endif
#ifdef __cplusplus

configure: exit 0
